WARN 2024/03/05 17:14:59 [en] REF_NOT_FOUND: Ref "/operate/oss_and_stack/management/sentinel-clients/": "/Users/david/Projects/Git/redis-learn/redis-docs/content/operate/oss_and_stack/management/sentinel.md:894:324": page not found
WARN 2024/03/05 17:14:59 [en] REF_NOT_FOUND: Ref "/operate/kubernetes/_index": "/Users/david/Projects/Git/redis-learn/redis-docs/content/operate/oss_and_stack/stack-with-enterprise/stack-quickstart.md:19:21": page not found
WARN 2024/03/05 17:14:59 [en] REF_NOT_FOUND: Ref "/operate/rs/installing-upgrading/get-started-docker": "/Users/david/Projects/Git/redis-learn/redis-docs/content/operate/rs/release-notes/legacy-release-notes/redis-enterprise-5.md:94:10": page not found
WARN 2024/03/05 17:14:59 [en] REF_NOT_FOUND: Ref "/operate/rs/security/ldap": "/Users/david/Projects/Git/redis-learn/redis-docs/content/operate/rs/release-notes/legacy-release-notes/redis-enterprise-5.md:105:14": page not found
WARN 2024/03/05 17:14:59 [en] REF_NOT_FOUND: Ref "/operate/rs/references/rlcheck": "/Users/david/Projects/Git/redis-learn/redis-docs/content/operate/rs/release-notes/legacy-release-notes/rlec-4-3-aug-2016.md:51:14": page not found
WARN 2024/03/05 17:14:59 [en] REF_NOT_FOUND: Ref "/operate/rs/security/tls-ssl": "/Users/david/Projects/Git/redis-learn/redis-docs/content/operate/rs/release-notes/legacy-release-notes/rlec-4-3-aug-2016.md:58:10": page not found
WARN 2024/03/05 17:14:59 [en] REF_NOT_FOUND: Ref "/operate/rs/administering/cluster-operations/updating-certificates": "/Users/david/Projects/Git/redis-learn/redis-docs/content/operate/rs/release-notes/legacy-release-notes/rs-5-4-10-december-2019.md:60:113": page not found
WARN 2024/03/05 17:14:59 [en] REF_NOT_FOUND: Ref "/operate/rs/administering/cluster-operations/updating-certificates": "/Users/david/Projects/Git/redis-learn/redis-docs/content/operate/rs/release-notes/legacy-release-notes/rs-5-4-10-december-2019.md:95:98": page not found
WARN 2024/03/05 17:14:59 [en] REF_NOT_FOUND: Ref "/operate/rs/administering/cluster-operations/updating-certificates": "/Users/david/Projects/Git/redis-learn/redis-docs/content/operate/rs/release-notes/legacy-release-notes/rs-5-4-14-february-2020.md:69:113": page not found
WARN 2024/03/05 17:14:59 [en] REF_NOT_FOUND: Ref "/operate/rs/administering/cluster-operations/updating-certificates": "/Users/david/Projects/Git/redis-learn/redis-docs/content/operate/rs/release-notes/legacy-release-notes/rs-5-4-14-february-2020.md:95:98": page not found
WARN 2024/03/05 17:14:59 [en] REF_NOT_FOUND: Ref "/operate/rs/administering/designing-production/access-control": "/Users/david/Projects/Git/redis-learn/redis-docs/content/operate/rs/release-notes/legacy-release-notes/rs-5-4-2-april-2019.md:44:41": page not found
WARN 2024/03/05 17:14:59 [en] REF_NOT_FOUND: Ref "/operate/rs/security/tls-ssl": "/Users/david/Projects/Git/redis-learn/redis-docs/content/operate/rs/release-notes/legacy-release-notes/rs-5-4-2-april-2019.md:49:47": page not found
WARN 2024/03/05 17:14:59 [en] REF_NOT_FOUND: Ref "/operate/rs/administering/cluster-operations/updating-certificates": "/Users/david/Projects/Git/redis-learn/redis-docs/content/operate/rs/release-notes/legacy-release-notes/rs-5-4-2-april-2019.md:94:71": page not found
WARN 2024/03/05 17:14:59 [en] REF_NOT_FOUND: Ref "/operate/rs/installing-upgrading/supported-platforms": "/Users/david/Projects/Git/redis-learn/redis-docs/content/operate/rs/release-notes/legacy-release-notes/rs-5-6-0-april-2020.md:38:90": page not found
WARN 2024/03/05 17:14:59 [en] REF_NOT_FOUND: Ref "/operate/rs/installing-upgrading/supported-platforms": "/Users/david/Projects/Git/redis-learn/redis-docs/content/operate/rs/release-notes/legacy-release-notes/rs-5-6-0-april-2020.md:100:72": page not found
WARN 2024/03/05 17:14:59 [en] REF_NOT_FOUND: Ref "/operate/rs/administering/cluster-operations/updating-certificates": "/Users/david/Projects/Git/redis-learn/redis-docs/content/operate/rs/release-notes/legacy-release-notes/rs-5-4-4-june-2019.md:99:181": page not found
WARN 2024/03/05 17:14:59 [en] REF_NOT_FOUND: Ref "/operate/rs/administering/cluster-operations/updating-certificates": "/Users/david/Projects/Git/redis-learn/redis-docs/content/operate/rs/release-notes/legacy-release-notes/rs-5-4-6-july-2019.md:72:98": page not found
WARN 2024/03/05 17:15:00 [en] REF_NOT_FOUND: Ref "/develop/data-types-intro": "/Users/david/Projects/Git/redis-learn/redis-docs/content/develop/interact/programmability/_index.md:26:64": page not found
WARN 2024/03/05 17:15:00 [en] REF_NOT_FOUND: Ref "/operate/rs/databases/active-active/_index": "/Users/david/Projects/Git/redis-learn/redis-docs/content/glossary/_index.md:1:1": page not found
WARN 2024/03/05 17:15:00 [en] REF_NOT_FOUND: Ref "rs/databases/active-active/develop/_index": "/Users/david/Projects/Git/redis-learn/redis-docs/content/glossary/_index.md:1:1": page not found
WARN 2024/03/05 17:15:00 [en] REF_NOT_FOUND: Ref "/operate/rs/security/ldap/_index": "/Users/david/Projects/Git/redis-learn/redis-docs/content/glossary/_index.md:1:1": page not found
