https://docs.redis.com/latest/modules/redisbloom/redisbloom-quickstart/
https://docs.redis.com/latest/modules/redisbloom/
https://docs.redis.com/latest/rs/databases/active-active/
https://docs.redis.com/latest/kubernetes/
https://docs.redis.com/latest/modules/redisgears/jvm/
https://docs.redis.com/latest/modules/redisearch/release-notes/redisearch-2.4-release-notes/#v2411-july-2022
https://docs.redis.com/latest/modules/redisjson/release-notes/redisjson-2.2-release-notes/#v220-july-2022
https://docs.redis.com/latest/modules/redisbloom/release-notes/redisbloom-2.2-release-notes/#v2218-july-2022
https://docs.redis.com/latest/modules/redisgraph/release-notes/redisgraph-2.8-release-notes/#v2817-july-2022
https://docs.redis.com/latest/modules/redistimeseries/release-notes/redistimeseries-1.6-release-notes/#v1617-july-2022
https://docs.redis.com/latest/modules/install/upgrade-module/
https://docs.redis.com/latest/modules/redisearch/release-notes/redisearch-2.4-release-notes/#v2414-august-2022
https://docs.redis.com/latest/modules/redisgraph/release-notes/redisgraph-2.8-release-notes/#v2819-august-2022
https://docs.redis.com/latest/modules/install/upgrade-module/
https://docs.redis.com/latest/modules/redisearch/release-notes/redisearch-2.4-release-notes/#v2411-july-2022
https://docs.redis.com/latest/modules/redisjson/release-notes/redisjson-2.2-release-notes/#v220-july-2022
https://docs.redis.com/latest/modules/redisbloom/release-notes/redisbloom-2.2-release-notes/#v2218-july-2022
https://docs.redis.com/latest/modules/redisgraph/release-notes/redisgraph-2.8-release-notes/#v2817-july-2022
https://docs.redis.com/latest/modules/redistimeseries/release-notes/redistimeseries-1.6-release-notes/#v1617-july-2022
https://docs.redis.com/latest/modules/install/upgrade-module/
https://docs.redis.com/latest/rs/installing-upgrading/upgrading/
https://docs.redis.com/latest/rs/release-notes/rs-6-2-4-august-2021/
https://docs.redis.com/latest/rs/release-notes/rs-6-2-8-october-2021/
https://docs.redis.com/latest/rs/databases/active-active/manage/#data-persistence
https://docs.redis.com/latest/rs/administering/product-lifecycle/
https://docs.redis.com/latest/modules/modules-lifecycle/
https://docs.redis.com/latest/modules/redisearch/release-notes/redisearch-2.4-release-notes/#v2416-november-2022
https://docs.redis.com/latest/modules/redisgraph/release-notes/redisgraph-2.8-release-notes/#v2820-september-2022
https://docs.redis.com/latest/modules/install/upgrade-module/
https://docs.redis.com/latest/rs/databases/active-active/manage/#data-persistence
https://docs.redis.com/latest/rs/installing-upgrading/upgrading/
https://docs.redis.com/latest/rs/release-notes/rs-6-2-4-august-2021/
https://docs.redis.com/latest/rs/release-notes/rs-6-2-8-october-2021/
https://docs.redis.com/latest/rs/installing-upgrading/product-lifecycle/
https://docs.redis.com/latest/modules/modules-lifecycle/
https://docs.redis.com/latest/modules/redisearch/release-notes/
https://docs.redis.com/latest/modules/redisjson/release-notes/
https://docs.redis.com/latest/modules/redisbloom/release-notes/
https://docs.redis.com/latest/modules/redisgraph/release-notes/
https://docs.redis.com/latest/modules/redistimeseries/release-notes/
https://docs.redis.com/latest/modules/redisearch/release-notes/
https://docs.redis.com/latest/modules/redisjson/release-notes/
https://docs.redis.com/latest/modules/redisbloom/release-notes/
https://docs.redis.com/latest/modules/redisgraph/release-notes/
https://docs.redis.com/latest/modules/redistimeseries/release-notes/
https://docs.redis.com/latest/modules/add-module-to-cluster/#upgrading-the-module-for-the-database
https://docs.redis.com/latest/rs/databases/active-active/#syncer-process
https://docs.redis.com/latest/rs/databases/active-active#syncer-process
https://docs.redis.com/latest/stack/install/upgrade-module/
https://docs.redis.com/latest/rs/release-notes/rs-6-2-4-august-2021/#deprecation-notices
https://docs.redis.com/latest/rs/release-notes/rs-6-2-4-august-2021/#deprecation-notices
https://docs.redis.com/latest/rs/databases/active-active#syncer-process
https://docs.redis.com/latest/rs/databases/active-active#syncer-process
https://docs.redis.com/latest/rs/installing-upgrading/upgrading/
https://docs.redis.com/latest/rs/installing-upgrading/upgrading/
https://docs.redis.com/latest/rs/databases/active-active/develop/develop-for-aa/
https://docs.redis.com/latest/modules/redisearch/
https://docs.redis.com/latest/modules/redisjson/
https://docs.redis.com/latest/modules/redisbloom/
https://docs.redis.com/latest/rs/installing-upgrading/get-started-docker
https://docs.redis.com/latest/rs/security/ldap/
https://docs.redis.com/latest/rs/installing-upgrading/upgrading/
https://docs.redis.com/latest/rs/installing-upgrading/upgrading/
https://docs.redis.com/latest/rs/references/rlcheck
https://docs.redis.com/latest/rs/clusters/new-cluster-setup/
https://docs.redis.com/latest/rs/security/tls-ssl
https://docs.redis.com/latest/rs/installing-upgrading/upgrading/
https://docs.redis.com/latest/rs/installing-upgrading/upgrading#upgrading-crdbs/
https://docs.redis.com/latest/rs/databases/import-export/schedule-backups/
https://docs.redis.com/latest/rs/administering/designing-production/access-control/
https://docs.redis.com/latest/rs/security/tls-ssl
https://docs.redis.com/latest/rs/clusters/maintenance-mode
https://docs.redis.com/latest/modules/install/upgrade-module/
https://docs.redis.com/latest/rs/administering/cluster-operations/updating-certificates
https://docs.redis.com/latest/rs/installing-upgrading/upgrading/
https://docs.redis.com/latest/rs/databases/active-active/develop/develop-for-aa/
https://docs.redis.com/latest/rs/installing-upgrading/upgrading/
https://docs.redis.com/latest/rs/administering/cluster-operations/updating-certificates
https://docs.redis.com/latest/modules/install/upgrade-module
https://docs.redis.com/latest/rs/administering/cluster-operations/updating-certificates
https://docs.redis.com/latest/rs/installing-upgrading/upgrading/
https://docs.redis.com/latest/rs/installing-upgrading/upgrading/
https://docs.redis.com/latest/rs/installing-upgrading/upgrading/
https://docs.redis.com/latest/rs/installing-upgrading/upgrading/
https://docs.redis.com/latest/rs/installing-upgrading/get-started-redis-enterprise-software/
https://docs.redis.com/latest/rs/clusters/new-cluster-setup/
https://docs.redis.com/latest/rs/clusters/add-node/
https://docs.redis.com/latest/rs/installing-upgrading/upgrading/
https://docs.redis.com/latest/modules/install/upgrade-module
https://docs.redis.com/latest/rs/administering/cluster-operations/updating-certificates
https://docs.redis.com/latest/rs/installing-upgrading/upgrading/
https://docs.redis.com/latest/modules/install/upgrade-module
https://docs.redis.com/latest/rs/installing-upgrading/upgrading/
https://docs.redis.com/latest/rs/installing-upgrading/upgrading#upgrade-activeactive-databases
https://docs.redis.com/latest/modules/modules-lifecycle#modules-endoflife-schedule
https://docs.redis.com/latest/rs/installing-upgrading/supported-platforms
https://docs.redis.com/latest/rs/installing-upgrading/_index/
https://docs.redis.com/latest/rs/databases/active-active/develop/hyperloglog-active-active.md
https://docs.redis.com/latest/rs/databases/import-export/replica-of/
https://docs.redis.com/latest/rs/databases/active-active/
https://docs.redis.com/latest/rs/databases/configure/replica-ha/
https://docs.redis.com/latest/rs/installing-upgrading/supported-platforms
https://docs.redis.com/latest/modules/install/upgrade-module
https://docs.redis.com/latest/modules/install/upgrade-module
https://docs.redis.com/latest/rs/installing-upgrading/upgrading/
https://docs.redis.com/latest/rs/databases/active-active#syncer-process
https://docs.redis.com/latest/rs/administering/cluster-operations/updating-certificates
https://docs.redis.com/latest/modules/install/upgrade-module
https://docs.redis.com/latest/rs/administering/cluster-operations/updating-certificates
https://docs.redis.com/latest/rs/installing-upgrading/upgrading/
https://docs.redis.com/latest/rs/administering/cluster-operations/updating-certificates
https://docs.redis.com/latest/rs/clusters/remove-node/
https://docs.redis.com/latest/modules/redisearch/release-notes/redisearch-2.6-release-notes/#v264-december-2022
https://docs.redis.com/latest/modules/redisjson/release-notes/redisjson-2.4-release-notes/#v245-february-2023
https://docs.redis.com/latest/modules/redisbloom/release-notes/redisbloom-2.4-release-notes/#v24-ga-v243-november-2022
https://docs.redis.com/latest/modules/redisgraph/release-notes/redisgraph-2.10-release-notes/#v2105-december-2022
https://docs.redis.com/latest/modules/redistimeseries/release-notes/redistimeseries-1.8-release-notes/#v185-january-2023
https://docs.redis.com/latest/modules/install/upgrade-module/
https://docs.redis.com/latest/rs/references/cli-utilities/rlcheck/
https://docs.redis.com/latest/stack/release-notes/redisearch/redisearch-2.6-release-notes/
https://docs.redis.com/latest/stack/release-notes/redisjson/redisjson-2.4-release-notes/
https://docs.redis.com/latest/stack/release-notes/redisbloom/redisbloom-2.4-release-notes/
https://docs.redis.com/latest/stack/release-notes/redisgraph/redisgraph-2.10-release-notes/
https://docs.redis.com/latest/stack/release-notes/redistimeseries/redistimeseries-1.8-release-notes/
https://docs.redis.com/latest/stack/install/upgrade-module/
https://docs.redis.com/latest/modules/redisearch
https://docs.redis.com/latest/modules/redisjson
https://docs.redis.com/latest/modules/redisbloom
https://docs.redis.com/latest/modules/redisgraph
https://docs.redis.com/latest/modules/redistimeseries
https://docs.redis.com/latest/modules/install/upgrade-module/
https://docs.redis.com/latest/modules/redisearch
https://docs.redis.com/latest/modules/redisjson
https://docs.redis.com/latest/modules/redisbloom
https://docs.redis.com/latest/modules/redisgraph
https://docs.redis.com/latest/modules/redistimeseries
https://docs.redis.com/latest/modules/install/upgrade-module/
https://docs.redis.com/latest/modules/redisearch
https://docs.redis.com/latest/modules/redisjson
https://docs.redis.com/latest/modules/redisbloom
https://docs.redis.com/latest/modules/redisgraph
https://docs.redis.com/latest/modules/redistimeseries
https://docs.redis.com/latest/modules/install/upgrade-module/
https://docs.redis.com/latest/rs/security/tls/enable-tls/
https://docs.redis.com/latest/modules/redisearch/release-notes/redisearch-2.4-release-notes/#v2416-november-2022
https://docs.redis.com/latest/modules/redisjson/release-notes/redisjson-2.2-release-notes/#v220-july-2022
https://docs.redis.com/latest/modules/redisbloom/release-notes/redisbloom-2.2-release-notes/#v2218-july-2022
https://docs.redis.com/latest/modules/redisgraph/release-notes/redisgraph-2.8-release-notes/#v2820-september-2022
https://docs.redis.com/latest/modules/redistimeseries/release-notes/redistimeseries-1.6-release-notes/#v1617-july-2022
https://docs.redis.com/latest/modules/install/upgrade-module/
https://docs.redis.com/latest/rs/references/rest-api/objects/bdb/
https://docs.redis.com/latest/rs/references/cli-utilities/rladmin/tune/#tune-cluster
https://docs.redis.com/latest/stack/release-notes/redisearch/redisearch-2.6-release-notes/
https://docs.redis.com/latest/stack/release-notes/redisjson/redisjson-2.4-release-notes/
https://docs.redis.com/latest/stack/release-notes/redisbloom/redisbloom-2.4-release-notes/
https://docs.redis.com/latest/stack/release-notes/redisgraph/redisgraph-2.10-release-notes/
https://docs.redis.com/latest/stack/release-notes/redistimeseries/redistimeseries-1.8-release-notes/
https://docs.redis.com/latest/rs/security/certificates/ocsp-stapling/
https://docs.redis.com/latest/rs/security/access-control/manage-users/manage-passwords/#password-complexity-rules
https://docs.redis.com/latest/rs/installing-upgrading/upgrading/
https://docs.redis.com/latest/rs/release-notes/rs-6-2-4-august-2021/
https://docs.redis.com/latest/rs/security/access-control/ldap/migrate-to-role-based-ldap/
https://docs.redis.com/latest/rs/release-notes/rs-6-2-8-october-2021/
https://docs.redis.com/latest/rs/administering/product-lifecycle/
https://docs.redis.com/latest/modules/modules-lifecycle/
https://docs.redis.com/latest/modules/redisearch/release-notes/
https://docs.redis.com/latest/modules/redisjson/release-notes/
https://docs.redis.com/latest/modules/redisbloom/release-notes/
https://docs.redis.com/latest/modules/redisgraph/release-notes/
https://docs.redis.com/latest/modules/redistimeseries/release-notes/
https://docs.redis.com/latest/modules/add-module-to-cluster/#upgrading-the-module-for-the-database
https://docs.redis.com/6.2/rs/installing-upgrading/upgrading/#redis-upgrade-policy
https://docs.redis.com/latest/rs/databases/configure/database-persistence/
https://docs.redis.com/6.4/rs/installing-upgrading/quickstarts/
https://docs.redis.com/latest/modules/redisbloom/redisbloom-quickstart/
https://docs.redis.com/latest/modules/redisbloom/
https://docs.redis.com/latest/rs/databases/configure/database-persistence/
https://docs.redis.com/latest/rc/rc-quickstart/
https://docs.redis.com/latest/modules/
https://docs.redis.com/latest/rs/databases/active-active/
https://docs.redis.com/latest/rs/security/
