https://redis.io/commands/replicaof
https://redis.io/commands/scan#the-count-option
https://redis.io/commands/scan#the-count-option
https://redis.io/commands/scan#the-count-option
https://redis.io/commands/ft.create/
https://redis.io/commands/ft.create/
https://redis.io/commands/ft.create/
https://redis.io/commands/wait/
https://redis.io/commands/wait/
https://redis.io/commands/auth
https://redis.io/commands/auth
https://redis.io/commands/georadius
https://redis.io/commands/georadiusbymember
https://redis.io/commands/info/
https://redis.io/commands/ping/
https://redis.io/commands/slowlog-get/
https://redis.io/commands/scan/
https://redis.io/commands/slowlog-get/
https://redis.io/commands/auth
https://redis.io/commands/
https://redis.io/commands/auth/
https://redis.io/commands/?group=connection
https://redis.io/commands/auth
https://redis.io/commands/client-caching
https://redis.io/commands/client-getname
https://redis.io/commands/client-getredir
https://redis.io/commands/client-id
https://redis.io/commands/client-info
https://redis.io/commands/client-kill
https://redis.io/commands/client-list
https://redis.io/commands/client-no-evict
https://redis.io/commands/client-no-touch
https://redis.io/commands/client-pause
https://redis.io/commands/client-reply
https://redis.io/commands/client-setinfo
https://redis.io/commands/client-setname
https://redis.io/commands/client-tracking
https://redis.io/commands/client-trackinginfo
https://redis.io/commands/client-unblock
https://redis.io/commands/client-unpause
https://redis.io/commands/echo
https://redis.io/commands/hello
https://redis.io/commands/ping
https://redis.io/commands/quit
https://redis.io/commands/reset
https://redis.io/commands/select
https://redis.io/commands/?group=cluster
https://redis.io/commands/asking
https://redis.io/commands/cluster-addslots
https://redis.io/commands/cluster-addslotsrange
https://redis.io/commands/cluster-bumpepoch
https://redis.io/commands/cluster-count-failure-reports
https://redis.io/commands/cluster-countkeysinslot
https://redis.io/commands/cluster-delslots
https://redis.io/commands/cluster-delslotsrange
https://redis.io/commands/cluster-failover
https://redis.io/commands/cluster-flushslots
https://redis.io/commands/cluster-forget
https://redis.io/commands/cluster-getkeysinslot
https://redis.io/commands/cluster-help
https://redis.io/commands/cluster-info
https://redis.io/commands/cluster-keyslot
https://redis.io/commands/cluster-links
https://redis.io/commands/cluster-meet
https://redis.io/commands/cluster-myid
https://redis.io/commands/cluster-myshardid
https://redis.io/commands/cluster-nodes
https://redis.io/commands/cluster-replicas
https://redis.io/commands/cluster-replicate
https://redis.io/commands/cluster-reset
https://redis.io/commands/cluster-saveconfig
https://redis.io/commands/cluster-set-config-epoch
https://redis.io/commands/cluster-setslot
https://redis.io/commands/cluster-shards
https://redis.io/commands/cluster-slaves
https://redis.io/commands/cluster-slots
https://redis.io/commands/readonly
https://redis.io/commands/readwrite
https://redis.io/commands/bitcount
https://redis.io/commands/bitfield
https://redis.io/commands/bitfield_ro
https://redis.io/commands/bitop
https://redis.io/commands/bitpos
https://redis.io/commands/getbit
https://redis.io/commands/setbit
https://redis.io/commands/geoadd
https://redis.io/commands/geodist
https://redis.io/commands/geohash
https://redis.io/commands/geopos
https://redis.io/commands/georadius
https://redis.io/commands/georadius_ro
https://redis.io/commands/georadiusbymember
https://redis.io/commands/georadiusbymember_ro
https://redis.io/commands/geosearch
https://redis.io/commands/geosearchstore
https://redis.io/commands/hdel
https://redis.io/commands/hexists
https://redis.io/commands/hget
https://redis.io/commands/hgetall
https://redis.io/commands/hincrby
https://redis.io/commands/hincrbyfloat
https://redis.io/commands/hkeys
https://redis.io/commands/hlen
https://redis.io/commands/hmget
https://redis.io/commands/hmset
https://redis.io/commands/hrandfield
https://redis.io/commands/hscan
https://redis.io/commands/hset
https://redis.io/commands/hsetnx
https://redis.io/commands/hstrlen
https://redis.io/commands/hvals
https://redis.io/commands/pfadd
https://redis.io/commands/pfcount
https://redis.io/commands/pfdebug
https://redis.io/commands/pfmerge
https://redis.io/commands/pfselftest
https://redis.io/commands/blmove
https://redis.io/commands/blmpop
https://redis.io/commands/blpop
https://redis.io/commands/brpop
https://redis.io/commands/brpoplpush
https://redis.io/commands/lindex
https://redis.io/commands/linsert
https://redis.io/commands/llen
https://redis.io/commands/lmove
https://redis.io/commands/lmpop
https://redis.io/commands/lpop
https://redis.io/commands/lpos
https://redis.io/commands/lpush
https://redis.io/commands/lpushx
https://redis.io/commands/lrange
https://redis.io/commands/lrem
https://redis.io/commands/lset
https://redis.io/commands/ltrim
https://redis.io/commands/rpop
https://redis.io/commands/rpoplpush
https://redis.io/commands/rpush
https://redis.io/commands/rpushx
https://redis.io/commands/sadd
https://redis.io/commands/scard
https://redis.io/commands/sdiff
https://redis.io/commands/sdiffstore
https://redis.io/commands/sinter
https://redis.io/commands/sintercard
https://redis.io/commands/sinterstore
https://redis.io/commands/sismember
https://redis.io/commands/smembers
https://redis.io/commands/sismember
https://redis.io/commands/smove
https://redis.io/commands/spop
https://redis.io/commands/srandmember
https://redis.io/commands/srem
https://redis.io/commands/sscan
https://redis.io/commands/sunion
https://redis.io/commands/sunionstore
https://redis.io/commands/bzmpop
https://redis.io/commands/bzpopmax
https://redis.io/commands/bzpopmin
https://redis.io/commands/zadd
https://redis.io/commands/zcard
https://redis.io/commands/zcount
https://redis.io/commands/zdiff
https://redis.io/commands/zdiffstore
https://redis.io/commands/zincrby
https://redis.io/commands/zinter
https://redis.io/commands/zintercard
https://redis.io/commands/zinterstore
https://redis.io/commands/zlexcount
https://redis.io/commands/zmpop
https://redis.io/commands/zmscore
https://redis.io/commands/zpopmax
https://redis.io/commands/zpopmin
https://redis.io/commands/zrandmember
https://redis.io/commands/zrange
https://redis.io/commands/zrangebylex
https://redis.io/commands/zrangebyscore
https://redis.io/commands/zrangestore
https://redis.io/commands/zrank
https://redis.io/commands/zrem
https://redis.io/commands/zremrangebylex
https://redis.io/commands/zremrangebyrank
https://redis.io/commands/zremrangebyscore
https://redis.io/commands/zrevrange
https://redis.io/commands/zrevrangebylex
https://redis.io/commands/zrevrangebyscore
https://redis.io/commands/zrevrank
https://redis.io/commands/zscan
https://redis.io/commands/zscore
https://redis.io/commands/zunion
https://redis.io/commands/zunionstore
https://redis.io/commands/xack
https://redis.io/commands/xadd
https://redis.io/commands/xautoclaim
https://redis.io/commands/xclaim
https://redis.io/commands/xdel
https://redis.io/commands/xgroup
https://redis.io/commands/xinfo
https://redis.io/commands/xlen
https://redis.io/commands/xpending
https://redis.io/commands/xrange
https://redis.io/commands/xread
https://redis.io/commands/xreadgroup
https://redis.io/commands/xrevrange
https://redis.io/commands/xsetid
https://redis.io/commands/xtrim
https://redis.io/commands/append
https://redis.io/commands/decr
https://redis.io/commands/decrby
https://redis.io/commands/get
https://redis.io/commands/getdel
https://redis.io/commands/getex
https://redis.io/commands/getrange
https://redis.io/commands/getset
https://redis.io/commands/incr
https://redis.io/commands/incrby
https://redis.io/commands/incrbyfloat
https://redis.io/commands/lcs
https://redis.io/commands/mget
https://redis.io/commands/mset
https://redis.io/commands/msetnx
https://redis.io/commands/psetex
https://redis.io/commands/set
https://redis.io/commands/setex
https://redis.io/commands/setnx
https://redis.io/commands/setrange
https://redis.io/commands/strlen
https://redis.io/commands/substr
https://redis.io/commands/?group=server
https://redis.io/commands/acl-cat
https://redis.io/commands/acl-deluser
https://redis.io/commands/acl-dryrun
https://redis.io/commands/acl-genpass
https://redis.io/commands/acl-getuser
https://redis.io/commands/acl-help
https://redis.io/commands/acl-list
https://redis.io/commands/acl-load
https://redis.io/commands/acl-log
https://redis.io/commands/acl-save
https://redis.io/commands/acl-setuser
https://redis.io/commands/acl-users
https://redis.io/commands/acl-whoami
https://redis.io/commands/config-get
https://redis.io/commands/config-resetstat
https://redis.io/commands/config-rewrite
https://redis.io/commands/config-set
https://redis.io/commands/command
https://redis.io/commands/command-count
https://redis.io/commands/command-docs
https://redis.io/commands/command-getkeys
https://redis.io/commands/command-getkeysandflags
https://redis.io/commands/command-help
https://redis.io/commands/command-info
https://redis.io/commands/command-list
https://redis.io/commands/debug/
https://redis.io/commands/flushall
https://redis.io/commands/flushdb
https://redis.io/commands/lolwut
https://redis.io/commands/shutdown
https://redis.io/commands/swapdb
https://redis.io/commands/time
https://redis.io/commands/module-help
https://redis.io/commands/module-list
https://redis.io/commands/module-load
https://redis.io/commands/module-loadex
https://redis.io/commands/module-unload
https://redis.io/commands/dbsize
https://redis.io/commands/info
https://redis.io/commands/latency-doctor
https://redis.io/commands/latency-graph
https://redis.io/commands/latency-help
https://redis.io/commands/latency-histogram
https://redis.io/commands/latency-history
https://redis.io/commands/latency-latest
https://redis.io/commands/latency-reset
https://redis.io/commands/memory-doctor
https://redis.io/commands/memory-help
https://redis.io/commands/memory-malloc-stats
https://redis.io/commands/memory-purge
https://redis.io/commands/memory-stats
https://redis.io/commands/memory-usage
https://redis.io/commands/monitor
https://redis.io/commands/slowlog-get
https://redis.io/commands/slowlog-len
https://redis.io/commands/slowlog-reset
https://redis.io/commands/bgrewriteaof
https://redis.io/commands/bgsave
https://redis.io/commands/lastsave
https://redis.io/commands/save
https://redis.io/commands/failover
https://redis.io/commands/migrate
https://redis.io/commands/psync
https://redis.io/commands/replconf
https://redis.io/commands/replicaof
https://redis.io/commands/restore-asking
https://redis.io/commands/role
https://redis.io/commands/slaveof
https://redis.io/commands/sync
https://redis.io/commands/?group=pubsub
https://redis.io/commands/psubscribe
https://redis.io/commands/publish
https://redis.io/commands/pubsub-channels
https://redis.io/commands/pubsub-numpat
https://redis.io/commands/pubsub-numsub
https://redis.io/commands/pubsub-shardchannels
https://redis.io/commands/pubsub-shardnumsub
https://redis.io/commands/punsubscribe
https://redis.io/commands/spublish
https://redis.io/commands/ssubscribe
https://redis.io/commands/subscribe
https://redis.io/commands/sunsubscribe
https://redis.io/commands/unsubscribe
https://redis.io/commands/?group=transactions
https://redis.io/commands/discard
https://redis.io/commands/exec
https://redis.io/commands/multi
https://redis.io/commands/unwatch
https://redis.io/commands/watch
https://redis.io/commands/?group=scripting
https://redis.io/commands/fcall
https://redis.io/commands/fcall_ro
https://redis.io/commands/function-delete
https://redis.io/commands/function-dump
https://redis.io/commands/function-flush
https://redis.io/commands/function-help
https://redis.io/commands/function-kill
https://redis.io/commands/function-list
https://redis.io/commands/function-load
https://redis.io/commands/function-restore
https://redis.io/commands/function-stats
https://redis.io/commands/eval
https://redis.io/commands/eval_ro
https://redis.io/commands/evalsha
https://redis.io/commands/evalsha_ro
https://redis.io/commands/script-debug
https://redis.io/commands/script-exists
https://redis.io/commands/script-flush
https://redis.io/commands/script-kill
https://redis.io/commands/script-load
https://redis.io/commands/copy
https://redis.io/commands/del
https://redis.io/commands/dump
https://redis.io/commands/exists
https://redis.io/commands/expire
https://redis.io/commands/expireat
https://redis.io/commands/expiretime
https://redis.io/commands/keys
https://redis.io/commands/migrate
https://redis.io/commands/move
https://redis.io/commands/object-encoding
https://redis.io/commands/object-freq
https://redis.io/commands/object-idletime
https://redis.io/commands/object-refcount
https://redis.io/commands/persist
https://redis.io/commands/pexpire
https://redis.io/commands/pexpireat
https://redis.io/commands/pexpiretime
https://redis.io/commands/pttl
https://redis.io/commands/randomkey
https://redis.io/commands/rename
https://redis.io/commands/renamenx
https://redis.io/commands/restore
https://redis.io/commands/scan
https://redis.io/commands/sort
https://redis.io/commands/sort_ro
https://redis.io/commands/touch
https://redis.io/commands/ttl
https://redis.io/commands/type
https://redis.io/commands/unlink
https://redis.io/commands/wait
https://redis.io/commands/waitaof
https://redis.io/commands/ping/
https://redis.io/commands/
https://redis.io/commands/slowlog-get/
https://redis.io/commands/
https://redis.io/commands/info
https://redis.io/commands/memory-usage/
https://redis.io/commands/sort
https://redis.io/commands/xautoclaim/
https://redis.io/commands/client-no-touch/
https://redis.io/commands/function-stats/
https://redis.io/commands/hello/
https://redis.io/commands/ft.search/#examples
https://redis.io/commands/ft.search/#optional-arguments
https://redis.io/commands/json.merge/
https://redis.io/commands/json.mset/
https://redis.io/commands/info/
https://redis.io/commands/cluster-slots
https://redis.io/commands/json.resp/
https://redis.io/commands/quit/
https://redis.io/commands/randomkey/
https://redis.io/commands/msetnx/
https://redis.io/commands/client-no-touch/
https://redis.io/commands/sunsubscribe/
https://redis.io/commands/xreadgroup/
https://redis.io/commands/cluster-slots
https://redis.io/commands/json.resp/
https://redis.io/commands/quit/
https://redis.io/commands/client-no-touch/
https://redis.io/commands/sunsubscribe/
https://redis.io/commands/xreadgroup/
https://redis.io/commands/xautoclaim/
https://redis.io/commands/reset
https://redis.io/commands/xautoclaim/
https://redis.io/commands/slowlog-get/
https://redis.io/commands/
https://redis.io/commands/slowlog
https://redis.io/commands/slowlog
https://redis.io/commands/flushall
https://redis.io/commands/?group=cluster
https://redis.io/commands/cluster-addslotsrange
https://redis.io/commands/cluster-delslotsrange
https://redis.io/commands/cluster-links
https://redis.io/commands/cluster-shards
https://redis.io/commands/?group=connection
https://redis.io/commands/client-no-evict
https://redis.io/commands/?group=list
https://redis.io/commands/?group=list
https://redis.io/commands/?group=set
https://redis.io/commands/?group=sorted-set
https://redis.io/commands/?group=sorted-set
https://redis.io/commands/?group=sorted-set
https://redis.io/commands/expiretime
https://redis.io/commands/pexpiretime
https://redis.io/commands/sort_ro
https://redis.io/commands/?group=pubsub
https://redis.io/commands/pubsub-shardchannels
https://redis.io/commands/pubsub-shardnumsub
https://redis.io/commands/spublish
https://redis.io/commands/ssubscribe
https://redis.io/commands/sunsubscribe
https://redis.io/commands/?group=scripting
https://redis.io/commands/eval_ro
https://redis.io/commands/evalsha_ro
https://redis.io/commands/function-delete
https://redis.io/commands/function-dump
https://redis.io/commands/function-flush
https://redis.io/commands/function-help
https://redis.io/commands/function-kill
https://redis.io/commands/function-list
https://redis.io/commands/function-load
https://redis.io/commands/function-restore
https://redis.io/commands/function-stats
https://redis.io/commands/?group=server
https://redis.io/commands/acl-dryrun
https://redis.io/commands/command-docs
https://redis.io/commands/command-getkeysandflags
https://redis.io/commands/command-list
https://redis.io/commands/module-loadex
https://redis.io/commands/latency-histogram
https://redis.io/commands/cluster-slots
https://redis.io/commands/cluster-slots
https://redis.io/commands/quit/
https://redis.io/commands/
https://redis.io/commands/
https://redis.io/commands/ts.add
https://redis.io/commands/ts.alter
https://redis.io/commands/ts.create
https://redis.io/commands/ts.createrule
https://redis.io/commands/ts.decrby
https://redis.io/commands/ts.del
https://redis.io/commands/ts.deleterule
https://redis.io/commands/ts.get
https://redis.io/commands/ts.incrby
https://redis.io/commands/ts.info
https://redis.io/commands/ts.madd
https://redis.io/commands/ts.mget
https://redis.io/commands/ts.mrange
https://redis.io/commands/ts.mrevrange
https://redis.io/commands/ts.queryindex
https://redis.io/commands/ts.range
https://redis.io/commands/ts.revrange
https://redis.io/commands/xadd
https://redis.io/commands/bf.add
https://redis.io/commands/bf.exists
https://redis.io/commands/bf.info
https://redis.io/commands/bf.insert
https://redis.io/commands/bf.loadchunk
https://redis.io/commands/bf.madd
https://redis.io/commands/bf.mexists
https://redis.io/commands/bf.reserve
https://redis.io/commands/bf.scandump
https://redis.io/commands/cf.add
https://redis.io/commands/cf.addnx
https://redis.io/commands/cf.count
https://redis.io/commands/cf.del
https://redis.io/commands/cf.exists
https://redis.io/commands/cf.info
https://redis.io/commands/cf.insert
https://redis.io/commands/cf.insertnx
https://redis.io/commands/cf.loadchunk
https://redis.io/commands/cf.mexists
https://redis.io/commands/cf.reserve
https://redis.io/commands/cf.scandump
https://redis.io/commands/cms.incrby
https://redis.io/commands/cms.info
https://redis.io/commands/cms.initbydim
https://redis.io/commands/cms.initbyprob
https://redis.io/commands/cms.merge
https://redis.io/commands/cms.query
https://redis.io/commands/topk.add
https://redis.io/commands/topk.count
https://redis.io/commands/topk.incrby
https://redis.io/commands/topk.info
https://redis.io/commands/topk.list
https://redis.io/commands/topk.query
https://redis.io/commands/topk.reserve
https://redis.io/commands/tdigest.add
https://redis.io/commands/tdigest.cdf
https://redis.io/commands/tdigest.create
https://redis.io/commands/tdigest.info
https://redis.io/commands/tdigest.max
https://redis.io/commands/tdigest.merge
https://redis.io/commands/tdigest.mergestore
https://redis.io/commands/tdigest.min
https://redis.io/commands/tdigest.quantile
https://redis.io/commands/tdigest.reset
https://redis.io/commands/tdigest.trimmed_mean
https://redis.io/commands/ts.get/
https://redis.io/commands/ts.get/
https://redis.io/commands/ts.range/
https://redis.io/commands/ts.range/
https://redis.io/commands/ts.range/
https://redis.io/commands/ts.range/
https://redis.io/commands/ts.range/
https://redis.io/commands/ts.createrule/
https://redis.io/commands/scan
https://redis.io/commands/ft.create/
https://redis.io/commands/ft.search/#examples
https://redis.io/commands/tdigest.cdf/
https://redis.io/commands/tdigest.rank/
https://redis.io/commands/json.merge
https://redis.io/commands/json.mset/
https://redis.io/commands/ft.aggregate/
https://redis.io/commands/ft.aliasadd/
https://redis.io/commands/ft.aliasdel/
https://redis.io/commands/ft.aliasupdate/
https://redis.io/commands/ft.alter/
https://redis.io/commands/ft.config-get/
https://redis.io/commands/ft.config-help/
https://redis.io/commands/ft.config-set/
https://redis.io/commands/ft.create/
https://redis.io/commands/ft.cursor-del/
https://redis.io/commands/ft.cursor-read/
https://redis.io/commands/ft.dictadd/
https://redis.io/commands/ft.dictdel/
https://redis.io/commands/ft.dictdump/
https://redis.io/commands/ft.dropindex/
https://redis.io/commands/ft.explain/
https://redis.io/commands/ft.explaincli/
https://redis.io/commands/ft.info/
https://redis.io/commands/ft._list/
https://redis.io/commands/ft.profile/
https://redis.io/commands/ft.search/
https://redis.io/commands/ft.spellcheck/
https://redis.io/commands/ft.syndump/
https://redis.io/commands/ft.synupdate/
https://redis.io/commands/ft.tagvals/
https://redis.io/commands/ft.config-set
https://redis.io/commands/ft.create/
https://redis.io/commands/ft.dropindex/
https://redis.io/commands/ft.sugadd/
https://redis.io/commands/ft.sugget/
https://redis.io/commands/ft.sugdel/
https://redis.io/commands/ft.suglen/
https://redis.io/commands/ttl
https://redis.io/commands/ft.create/
https://redis.io/commands/hgetall/
https://redis.io/commands/json.arrappend/
https://redis.io/commands/json.arrindex/
https://redis.io/commands/json.arrinsert/
https://redis.io/commands/json.arrlen/
https://redis.io/commands/json.arrpop/
https://redis.io/commands/json.arrtrim/
https://redis.io/commands/json.clear/
https://redis.io/commands/json.debug/
https://redis.io/commands/json.debug-help/
https://redis.io/commands/json.debug-memory/
https://redis.io/commands/json.del/
https://redis.io/commands/json.forget/
https://redis.io/commands/json.get/
https://redis.io/commands/json.mget/
https://redis.io/commands/json.numincrby/
https://redis.io/commands/json.nummultby/
https://redis.io/commands/json.objkeys/
https://redis.io/commands/json.objlen/
https://redis.io/commands/json.resp/
https://redis.io/commands/json.set/
https://redis.io/commands/json.strappend/
https://redis.io/commands/json.strlen/
https://redis.io/commands/json.toggle/
https://redis.io/commands/json.type/
https://redis.io/commands/json.clear/
https://redis.io/commands/
https://redis.io/commands/cluster-nodes
https://redis.io/commands/memory-stats
https://redis.io/commands/memory-doctor
https://redis.io/commands/memory-malloc-stats
https://redis.io/commands/memory-purge
https://redis.io/commands/module-load
https://redis.io/commands/module-unload
https://redis.io/commands/module-list
https://redis.io/commands/pfcount/
https://redis.io/commands/command/
https://redis.io/commands/eval/
https://redis.io/commands/zpopmin/
https://redis.io/commands/lpop/
https://redis.io/commands/lpop/
https://redis.io/commands/xclaim/
https://redis.io/commands/acl-getuser/
https://redis.io/commands/sort/
https://redis.io/commands/select/
https://redis.io/commands/command/
https://redis.io/commands/info/
https://redis.io/commands/config-rewrite/
https://redis.io/commands/acl-cat
https://redis.io/commands/acl-deluser
https://redis.io/commands/acl-dryrun
https://redis.io/commands/acl-genpass
https://redis.io/commands/acl-getuser
https://redis.io/commands/acl-help
https://redis.io/commands/acl-list
https://redis.io/commands/acl-load
https://redis.io/commands/acl-log
https://redis.io/commands/acl-save
https://redis.io/commands/acl-setuser
https://redis.io/commands/acl-users
https://redis.io/commands/acl-whoami
https://redis.io/commands/xreadgroup/
https://redis.io/commands/pfcount/
https://redis.io/commands/command/
https://redis.io/commands/eval/
https://redis.io/commands/zpopmin/
https://redis.io/commands/lpop/
https://redis.io/commands/lpop/
https://redis.io/commands/xclaim/
https://redis.io/commands/xreadgroup/
https://redis.io/commands/acl-getuser/
https://redis.io/commands/sort/
https://redis.io/commands/select/
https://redis.io/commands/command/
https://redis.io/commands/info/
https://redis.io/commands/config-rewrite/
https://redis.io/commands/xinfo-consumers/
https://redis.io/commands/xreadgroup/
https://redis.io/commands/xinfo-consumers/
https://redis.io/commands/pfcount/
https://redis.io/commands/command/
https://redis.io/commands/eval/
https://redis.io/commands/zpopmin/
https://redis.io/commands/lpop/
https://redis.io/commands/lpop/
https://redis.io/commands/xclaim/
https://redis.io/commands/acl-getuser/
https://redis.io/commands/sort/
https://redis.io/commands/select/
https://redis.io/commands/command/
https://redis.io/commands/info/
https://redis.io/commands/config-rewrite/
https://redis.io/commands/?group=geo
https://redis.io/commands/?group=sorted-set
https://redis.io/commands/?group=bitmap
https://redis.io/commands#hash
https://redis.io/commands/?group=hash
https://redis.io/commands/?group=hyperloglog
https://redis.io/commands/tdigest.add/
https://redis.io/commands/tdigest.rank/
https://redis.io/commands/?group=set
https://redis.io/commands/?group=stream
https://redis.io/commands/?group=list
https://redis.io/commands/#sorted_set
https://redis.io/commands/script-load
https://redis.io/commands/xadd
https://redis.io/commands/cluster-nodes
https://redis.io/commands/command
https://redis.io/commands/acl-log
https://redis.io/commands/acl-log
https://redis.io/commands/json.mget/
https://redis.io/commands/json.set/
https://redis.io/commands/ft.create/
https://redis.io/commands/ft.create/
