./develop/connect/clients/go.md:    Username: "default", // use your Redis user. More info https://redis.io/docs/management/security/acl/
./develop/connect/clients/python.md:    username="default", # use your Redis user. More info https://redis.io/docs/management/security/acl/
./develop/connect/clients/dotnet.md:    User = "default",  // use your Redis user. More info https://redis.io/docs/management/security/acl/
./develop/connect/clients/java.md:                .user("default") // use your Redis user. More info https://redis.io/docs/management/security/acl/
./develop/connect/clients/nodejs.md:    username: 'default', // use your Redis user. More info https://redis.io/docs/management/security/acl/
./integrate/redisom-for-java/_index.md:* RedisInsight: See [https://redis.io/docs/ui/insight]({{< relref "/develop/connect/insight/" >}})
./integrate/redisom-for-python/_index.md:* A [Redis Stack](https://redis.io) database, or Redis with the [Search and Query]({{< relref "/develop/interact/search-and-query/" >}}) and [JSON]({{< relref "/develop/data-types/json/" >}}) features installed. We've provided a `docker-compose.yml` for this. You can also [sign up for a free 30Mb database with Redis Cloud](https://redis.com/try-free/?utm_source=redisio&utm_medium=referral&utm_campaign=2023-09-try_free&utm_content=cu-redis_cloud_users) - be sure to check the Redis Stack option when creating your cloud database.
./operate/rs/references/compatibility/config-settings.md:Redis Enterprise Software and [Redis Cloud]({{< relref "/operate/rc" >}}) only support a subset of [open source Redis configuration settings](https://redis.io/docs/manual/config/). Using [`CONFIG GET`]({{< relref "/commands" >}}/config-get/) or [`CONFIG SET`]({{< relref "/commands" >}}/config-set/) with unsupported configuration settings returns an error.
./operate/rs/references/compatibility/commands/cluster.md:[Clustering in Redis Enterprise Software]({{< relref "/operate/rs/databases/durability-ha/clustering" >}}) and [Redis Cloud]({{< relref "/operate/rc/databases/configuration/clustering" >}}) differs from the [open source Redis cluster](https://redis.io/docs/manual/scaling/) and works with all standard Redis clients.
./operate/rs/references/compatibility/commands/server.md:| [ACL CAT]({{< relref "/commands" >}}/acl-cat) | <span title="Supported">&#x2705; Standard</span><br /><span title="Supported"><nobr>&#x2705; Active-Active</nobr></span> | <span title="Supported">&#x2705; Standard</span><br /><span title="Supported"><nobr>&#x2705; Active-Active</nobr></span> | Not supported for [scripts](https://redis.io/docs/manual/programmability/). |
./operate/rs/references/compatibility/commands/server.md:| [ACL GETUSER]({{< relref "/commands" >}}/acl-getuser) | <span title="Supported">&#x2705; Standard</span><br /><span title="Supported"><nobr>&#x2705; Active-Active</nobr></span> | <span title="Supported">&#x2705; Standard</span><br /><span title="Supported"><nobr>&#x2705; Active-Active</nobr></span> | Not supported for [scripts](https://redis.io/docs/manual/programmability/). |
./operate/rs/references/compatibility/commands/server.md:| [ACL HELP]({{< relref "/commands" >}}/acl-help) | <span title="Supported">&#x2705; Standard</span><br /><span title="Supported"><nobr>&#x2705; Active-Active</nobr></span> | <span title="Supported">&#x2705; Standard</span><br /><span title="Supported"><nobr>&#x2705; Active-Active</nobr></span> | Not supported for [scripts](https://redis.io/docs/manual/programmability/). |
./operate/rs/references/compatibility/commands/server.md:| [ACL LIST]({{< relref "/commands" >}}/acl-list) | <span title="Supported">&#x2705; Standard</span><br /><span title="Supported"><nobr>&#x2705; Active-Active</nobr></span> | <span title="Supported">&#x2705; Standard</span><br /><span title="Supported"><nobr>&#x2705; Active-Active</nobr></span> | Not supported for [scripts](https://redis.io/docs/manual/programmability/). |
./operate/rs/references/compatibility/commands/server.md:| [ACL USERS]({{< relref "/commands" >}}/acl-users) | <span title="Supported">&#x2705; Standard</span><br /><span title="Supported"><nobr>&#x2705; Active-Active</nobr></span> | <span title="Supported">&#x2705; Standard</span><br /><span title="Supported"><nobr>&#x2705; Active-Active</nobr></span> | Not supported for [scripts](https://redis.io/docs/manual/programmability/). |
./operate/rs/references/compatibility/commands/server.md:| [ACL WHOAMI]({{< relref "/commands" >}}/acl-whoami) | <span title="Supported">&#x2705; Standard</span><br /><span title="Supported"><nobr>&#x2705; Active-Active</nobr></span> | <span title="Supported">&#x2705; Standard</span><br /><span title="Supported"><nobr>&#x2705; Active-Active</nobr></span> | Not supported for [scripts](https://redis.io/docs/manual/programmability/). |
./operate/rs/references/compatibility/commands/server.md:| [INFO]({{< relref "/commands" >}}/info) | <span title="Supported">&#x2705; Standard</span><br /><span title="Supported"><nobr>&#x2705; Active-Active</nobr></span> | <span title="Supported">&#x2705; Standard</span><br /><span title="Supported"><nobr>&#x2705; Active-Active</nobr></span> | In Redis Enterprise, `INFO` returns a different set of fields than open source Redis.<br />Not supported for [scripts](https://redis.io/docs/manual/programmability/). |
./operate/rs/references/compatibility/commands/server.md:| [SLOWLOG GET]({{< relref "/commands" >}}/slowlog-get) | <span title="Supported">&#x2705; Standard</span><br /><span title="Supported"><nobr>&#x2705; Active-Active</nobr></span> | <span title="Supported">&#x2705; Standard</span><br /><span title="Supported"><nobr>&#x2705; Active-Active</nobr></span> | Not supported for [scripts](https://redis.io/docs/manual/programmability/). |
./operate/rs/references/compatibility/commands/server.md:| [SLOWLOG LEN]({{< relref "/commands" >}}/slowlog-len) | <span title="Supported">&#x2705; Standard</span><br /><span title="Supported"><nobr>&#x2705; Active-Active</nobr></span> | <span title="Supported">&#x2705; Standard</span><br /><span title="Supported"><nobr>&#x2705; Active-Active</nobr></span> | Not supported for [scripts](https://redis.io/docs/manual/programmability/). |
./operate/rs/references/compatibility/commands/server.md:| [SLOWLOG RESET]({{< relref "/commands" >}}/slowlog-reset) | <span title="Supported">&#x2705; Standard</span><br /><span title="Supported"><nobr>&#x2705; Active-Active</nobr></span> | <span title="Supported">&#x2705; Standard</span><br /><span title="Supported"><nobr>&#x2705; Active-Active</nobr></span> | Not supported for [scripts](https://redis.io/docs/manual/programmability/). |
./operate/rs/release-notes/legacy-release-notes/rs-5-4-6-july-2019.md:This release includes the latest version of [Redis 5 (5.0.5](https://redis.io/)), bundles the GA release of the new RedisTimeSeries module,
./operate/rs/release-notes/legacy-release-notes/rs-5-4-6-july-2019.md:- [Latest version of Redis 5](https://redis.io/) (5.0.5) was merged into RS 5.4.6.
./operate/rs/release-notes/rs-6-4-2-releases/rs-6-4-2-30.md:Redis is continuously enhancing its ACL (access control list) functionality and coverage. Redis version 6.2 enhances [ACLs](https://redis.io/docs/management/security/acl/) to allow and disallow pub/sub channels. 
./operate/rs/_index.md:- [Open source Redis](https://redis.io/) (redis.io)
./operate/rc/changelog/july-2023.md:- You are no longer able to [create an ACL rule]({{< relref "/operate/rc/security/access-control/data-access-control/configure-acls" >}}) using the rule builder. Instead, use [ACL syntax](https://redis.io/docs/management/security/acl/) to define your ACL rules.
./operate/rc/_index.md:- [Redis](https://redis.io/) and [Redis Stack]({{< relref "/operate/oss_and_stack/stack-with-enterprise" >}}) support
./operate/rc/_index.md:- [Open source Redis](https://redis.io/) (redis.io)
./operate/oss_and_stack/install/install-redisinsight/install-on-k8s.md:This is an easy way to use RedisInsight with a [Redis Enterprise K8s deployment](https://redis.io/docs/about/redis-enterprise/#:~:text=and%20Multi%2Dcloud-,Redis%20Enterprise%20Software,-Redis%20Enterprise%20Software).
./operate/oss_and_stack/install/_index.md:You can install [Redis](https://redis.io/docs/about/) or [Redis Stack]({{< relref "/operate/oss_and_stack/" >}}) locally on your machine. Redis and Redis Stack are available on Linux, macOS, and Windows. 
./operate/oss_and_stack/management/config-file.md:# available at https://redis.io web site.
./operate/oss_and_stack/stack-with-enterprise/search/commands.md:| [FT.EXPLAINCLI]({{< relref "/commands" >}}/ft.explaincli/) | <span title="Supported">&#x2705; Supported</span> | <span title="Supported">&#x2705; Supported</span> | <span title="Supported">&#x2705; Supported</nobr></span> | Returns the execution plan for a complex query as an [array](https://redis.io/docs/reference/protocol-spec#resp-arrays). |
./embeds/modules.html:                <li><i class="fa fa-angle-right fa-lg category-icon"></i><a href="https://redis.io/docs/stack/search/">Documentation</a></li>
./embeds/modules.html:                <li><i class="fa fa-angle-right fa-lg category-icon"></i><a href="https://redis.io/docs/stack/json/#use-redisjson">Quick start</a></li>
./embeds/modules.html:                <li><i class="fa fa-angle-right fa-lg category-icon"></i><a href="https://redis.io/docs/stack/json/">Documentation</a></li>
./embeds/modules.html:                <li><i class="fa fa-angle-right fa-lg category-icon"></i><a href="https://redis.io/docs/stack/timeseries/">Documentation</a></li>
./embeds/modules.html:                <li><i class="fa fa-angle-right fa-lg category-icon"></i><a href="https://redis.io/docs/stack/bloom/quick_start/">Quick start</a></li>
./embeds/modules.html:                <li><i class="fa fa-angle-right fa-lg category-icon"></i><a href="https://redis.io/docs/stack/bloom/">Documentation</a></li>
